<?xml version="1.0" encoding="UTF-8"?>
<!-- Generated by org.testng.reporters.JUnitReportReporter -->
<testsuite hostname="DESKTOP-S3FLF3O" failures="0" tests="2" name="TestCases.TC_001_RegistrationPage" time="6.793" errors="0" timestamp="2025-01-19T19:24:53 IST" skipped="0">
  <testcase classname="TestCases.TC_001_RegistrationPage" name="getRegistered" time="4.142"/>
  <testcase classname="TestCases.TC_001_RegistrationPage" name="getRegistered" time="2.651"/>
</testsuite> <!-- TestCases.TC_001_RegistrationPage -->
