<?xml version="1.0" encoding="UTF-8"?>
<!-- Generated by org.testng.reporters.JUnitReportReporter -->
<testsuite hostname="DESKTOP-S3FLF3O" failures="0" tests="1" name="TestCases.TC_002_LoginTest" time="1.708" errors="0" timestamp="2025-01-20T11:07:12 IST" skipped="0">
  <testcase classname="TestCases.TC_002_LoginTest" name="getLoginWithApplication" time="1.708"/>
</testsuite> <!-- TestCases.TC_002_LoginTest -->
