<?xml version="1.0" encoding="UTF-8"?>
<!-- Generated by org.testng.reporters.JUnitReportReporter -->
<testsuite hostname="DESKTOP-S3FLF3O" failures="0" tests="1" name="TestCases.TC_003_SearchFuctionality" time="2.206" errors="0" timestamp="2025-01-24T11:52:05 IST" skipped="0">
  <testcase classname="TestCases.TC_003_SearchFuctionality" name="getProductSearch" time="2.206"/>
</testsuite> <!-- TestCases.TC_003_SearchFuctionality -->
