<?xml version="1.0" encoding="UTF-8"?>
<!-- Generated by org.testng.reporters.JUnitReportReporter -->
<testsuite hostname="DESKTOP-S3FLF3O" failures="0" tests="2" name="TestCases.TC_002_LoginTest" time="4.695" errors="0" timestamp="2025-01-23T15:10:31 IST" skipped="0">
  <testcase classname="TestCases.TC_002_LoginTest" name="getLoginWithApplication" time="2.133"/>
  <testcase classname="TestCases.TC_002_LoginTest" name="getLoginWithApplication" time="2.562"/>
</testsuite> <!-- TestCases.TC_002_LoginTest -->
