<?xml version="1.0" encoding="UTF-8"?>
<!-- Generated by org.testng.reporters.JUnitReportReporter -->
<testsuite hostname="DESKTOP-S3FLF3O" failures="0" tests="1" name="TestCases.TC_001_RegistrationPage" time="2.026" errors="0" timestamp="2025-01-24T12:05:54 IST" skipped="0">
  <testcase classname="TestCases.TC_001_RegistrationPage" name="getRegistered" time="2.026"/>
</testsuite> <!-- TestCases.TC_001_RegistrationPage -->
